Flow report for LAB3__VENDING_MACHINE
Sun Aug 17 19:23:56 2025
Quartus Prime Version 18.1.0 Build 625 09/12/2018 SJ Lite Edition


---------------------
; Table of Contents ;
---------------------
  1. Legal Notice
  2. Flow Summary
  3. Flow Settings
  4. Flow Non-Default Global Settings
  5. Flow Elapsed Time
  6. Flow OS Summary
  7. Flow Log
  8. Flow Messages
  9. Flow Suppressed Messages



----------------
; Legal Notice ;
----------------
Copyright (C) 2018  Intel Corporation. All rights reserved.
Your use of Intel Corporation's design tools, logic functions 
and other software and tools, and its AMPP partner logic 
functions, and any output files from any of the foregoing 
(including device programming or simulation files), and any 
associated documentation or information are expressly subject 
to the terms and conditions of the Intel Program License 
Subscription Agreement, the Intel Quartus Prime License Agreement,
the Intel FPGA IP License Agreement, or other applicable license
agreement, including, without limitation, that your use is for
the sole purpose of programming logic devices manufactured by
Intel and sold by Intel or its authorized distributors.  Please
refer to the applicable agreement for further details.



+---------------------------------------------------------------------+
; Flow Summary                                                        ;
+-----------------------+---------------------------------------------+
; Flow Status           ; Successful - Sun Aug 17 19:23:56 2025       ;
; Quartus Prime Version ; 18.1.0 Build 625 09/12/2018 SJ Lite Edition ;
; Revision Name         ; LAB3__VENDING_MACHINE                       ;
; Top-level Entity Name ; LAB3__VENDING_MACHINE                       ;
; Family                ; MAX II                                      ;
; Device                ; EPM240T100C5                                ;
; Timing Models         ; Final                                       ;
; Total logic elements  ; 99 / 240 ( 41 % )                           ;
; Total pins            ; 31 / 80 ( 39 % )                            ;
; Total virtual pins    ; 0                                           ;
; UFM blocks            ; 0 / 1 ( 0 % )                               ;
+-----------------------+---------------------------------------------+


+-------------------------------------------+
; Flow Settings                             ;
+-------------------+-----------------------+
; Option            ; Setting               ;
+-------------------+-----------------------+
; Start date & time ; 08/17/2025 19:23:41   ;
; Main task         ; Compilation           ;
; Revision Name     ; LAB3__VENDING_MACHINE ;
+-------------------+-----------------------+


+----------------------------------------------------------------------------------------------------------------------------+
; Flow Non-Default Global Settings                                                                                           ;
+---------------------------------------+---------------------------------+---------------+-------------+--------------------+
; Assignment Name                       ; Value                           ; Default Value ; Entity Name ; Section Id         ;
+---------------------------------------+---------------------------------+---------------+-------------+--------------------+
; COMPILER_SIGNATURE_ID                 ; 127913727368261.175548382120616 ; --            ; --          ; --                 ;
; EDA_DESIGN_INSTANCE_NAME              ; NA                              ; --            ; --          ; tb_vending_machine ;
; EDA_NATIVELINK_SIMULATION_TEST_BENCH  ; tb_vending_machine              ; --            ; --          ; eda_simulation     ;
; EDA_OUTPUT_DATA_FORMAT                ; Verilog Hdl                     ; --            ; --          ; eda_simulation     ;
; EDA_SIMULATION_TOOL                   ; ModelSim-Altera (Verilog)       ; <None>        ; --          ; --                 ;
; EDA_TEST_BENCH_ENABLE_STATUS          ; TEST_BENCH_MODE                 ; --            ; --          ; eda_simulation     ;
; EDA_TEST_BENCH_FILE                   ; tb_vending_machine.v            ; --            ; --          ; tb_vending_machine ;
; EDA_TEST_BENCH_MODULE_NAME            ; tb_vending_machine              ; --            ; --          ; tb_vending_machine ;
; EDA_TEST_BENCH_NAME                   ; tb_vending_machine              ; --            ; --          ; eda_simulation     ;
; EDA_TIME_SCALE                        ; 1 ps                            ; --            ; --          ; eda_simulation     ;
; MAX_CORE_JUNCTION_TEMP                ; 85                              ; --            ; --          ; --                 ;
; MIN_CORE_JUNCTION_TEMP                ; 0                               ; --            ; --          ; --                 ;
; POWER_EXT_SUPPLY_VOLTAGE_TO_REGULATOR ; 3.3V                            ; --            ; --          ; --                 ;
; POWER_PRESET_COOLING_SOLUTION         ; No Heat Sink With Still Air     ; --            ; --          ; --                 ;
; PROJECT_OUTPUT_DIRECTORY              ; output_files                    ; --            ; --          ; --                 ;
+---------------------------------------+---------------------------------+---------------+-------------+--------------------+


+--------------------------------------------------------------------------------------------------------------------------+
; Flow Elapsed Time                                                                                                        ;
+----------------------+--------------+-------------------------+---------------------+------------------------------------+
; Module Name          ; Elapsed Time ; Average Processors Used ; Peak Virtual Memory ; Total CPU Time (on all processors) ;
+----------------------+--------------+-------------------------+---------------------+------------------------------------+
; Analysis & Synthesis ; 00:00:08     ; 1.0                     ; 4706 MB             ; 00:00:18                           ;
; Fitter               ; 00:00:01     ; 1.1                     ; 5885 MB             ; 00:00:03                           ;
; Assembler            ; 00:00:01     ; 1.0                     ; 4654 MB             ; 00:00:00                           ;
; Timing Analyzer      ; 00:00:00     ; 1.0                     ; 4674 MB             ; 00:00:01                           ;
; EDA Netlist Writer   ; 00:00:01     ; 1.0                     ; 4618 MB             ; 00:00:01                           ;
; Total                ; 00:00:11     ; --                      ; --                  ; 00:00:23                           ;
+----------------------+--------------+-------------------------+---------------------+------------------------------------+


+------------------------------------------------------------------------------------+
; Flow OS Summary                                                                    ;
+----------------------+------------------+------------+------------+----------------+
; Module Name          ; Machine Hostname ; OS Name    ; OS Version ; Processor type ;
+----------------------+------------------+------------+------------+----------------+
; Analysis & Synthesis ; H201-ESCRITORIO  ; Windows 10 ; 10.0       ; x86_64         ;
; Fitter               ; H201-ESCRITORIO  ; Windows 10 ; 10.0       ; x86_64         ;
; Assembler            ; H201-ESCRITORIO  ; Windows 10 ; 10.0       ; x86_64         ;
; Timing Analyzer      ; H201-ESCRITORIO  ; Windows 10 ; 10.0       ; x86_64         ;
; EDA Netlist Writer   ; H201-ESCRITORIO  ; Windows 10 ; 10.0       ; x86_64         ;
+----------------------+------------------+------------+------------+----------------+


------------
; Flow Log ;
------------
quartus_map --read_settings_files=on --write_settings_files=off LAB3__VENDING_MACHINE -c LAB3__VENDING_MACHINE
quartus_fit --read_settings_files=off --write_settings_files=off LAB3__VENDING_MACHINE -c LAB3__VENDING_MACHINE
quartus_asm --read_settings_files=off --write_settings_files=off LAB3__VENDING_MACHINE -c LAB3__VENDING_MACHINE
quartus_sta LAB3__VENDING_MACHINE -c LAB3__VENDING_MACHINE
quartus_eda --read_settings_files=off --write_settings_files=off LAB3__VENDING_MACHINE -c LAB3__VENDING_MACHINE



