Analysis & Synthesis report for LAB3__VENDING_MACHINE
Sun Aug 17 19:23:49 2025
Quartus Prime Version 18.1.0 Build 625 09/12/2018 SJ Lite Edition


---------------------
; Table of Contents ;
---------------------
  1. Legal Notice
  2. Analysis & Synthesis Summary
  3. Analysis & Synthesis Settings
  4. Parallel Compilation
  5. Analysis & Synthesis Source Files Read
  6. Analysis & Synthesis Resource Usage Summary
  7. Analysis & Synthesis Resource Utilization by Entity
  8. State Machine - |LAB3__VENDING_MACHINE|vending_machine:vm_inst|state
  9. Registers Removed During Synthesis
 10. General Register Statistics
 11. Inverted Register Statistics
 12. Multiplexer Restructuring Statistics (Restructuring Performed)
 13. Analysis & Synthesis Messages



----------------
; Legal Notice ;
----------------
Copyright (C) 2018  Intel Corporation. All rights reserved.
Your use of Intel Corporation's design tools, logic functions 
and other software and tools, and its AMPP partner logic 
functions, and any output files from any of the foregoing 
(including device programming or simulation files), and any 
associated documentation or information are expressly subject 
to the terms and conditions of the Intel Program License 
Subscription Agreement, the Intel Quartus Prime License Agreement,
the Intel FPGA IP License Agreement, or other applicable license
agreement, including, without limitation, that your use is for
the sole purpose of programming logic devices manufactured by
Intel and sold by Intel or its authorized distributors.  Please
refer to the applicable agreement for further details.



+---------------------------------------------------------------------------+
; Analysis & Synthesis Summary                                              ;
+-----------------------------+---------------------------------------------+
; Analysis & Synthesis Status ; Successful - Sun Aug 17 19:23:49 2025       ;
; Quartus Prime Version       ; 18.1.0 Build 625 09/12/2018 SJ Lite Edition ;
; Revision Name               ; LAB3__VENDING_MACHINE                       ;
; Top-level Entity Name       ; LAB3__VENDING_MACHINE                       ;
; Family                      ; MAX II                                      ;
; Total logic elements        ; 100                                         ;
; Total pins                  ; 31                                          ;
; Total virtual pins          ; 0                                           ;
; UFM blocks                  ; 0 / 1 ( 0 % )                               ;
+-----------------------------+---------------------------------------------+


+------------------------------------------------------------------------------------------------------------------+
; Analysis & Synthesis Settings                                                                                    ;
+------------------------------------------------------------------+-----------------------+-----------------------+
; Option                                                           ; Setting               ; Default Value         ;
+------------------------------------------------------------------+-----------------------+-----------------------+
; Device                                                           ; EPM240T100C5          ;                       ;
; Top-level entity name                                            ; LAB3__VENDING_MACHINE ; LAB3__VENDING_MACHINE ;
; Family name                                                      ; MAX II                ; Cyclone V             ;
; Use smart compilation                                            ; Off                   ; Off                   ;
; Enable parallel Assembler and Timing Analyzer during compilation ; On                    ; On                    ;
; Enable compact report table                                      ; Off                   ; Off                   ;
; Restructure Multiplexers                                         ; Auto                  ; Auto                  ;
; Create Debugging Nodes for IP Cores                              ; Off                   ; Off                   ;
; Preserve fewer node names                                        ; On                    ; On                    ;
; Intel FPGA IP Evaluation Mode                                    ; Enable                ; Enable                ;
; Verilog Version                                                  ; Verilog_2001          ; Verilog_2001          ;
; VHDL Version                                                     ; VHDL_1993             ; VHDL_1993             ;
; State Machine Processing                                         ; Auto                  ; Auto                  ;
; Safe State Machine                                               ; Off                   ; Off                   ;
; Extract Verilog State Machines                                   ; On                    ; On                    ;
; Extract VHDL State Machines                                      ; On                    ; On                    ;
; Ignore Verilog initial constructs                                ; Off                   ; Off                   ;
; Iteration limit for constant Verilog loops                       ; 5000                  ; 5000                  ;
; Iteration limit for non-constant Verilog loops                   ; 250                   ; 250                   ;
; Add Pass-Through Logic to Inferred RAMs                          ; On                    ; On                    ;
; Infer RAMs from Raw Logic                                        ; On                    ; On                    ;
; Parallel Synthesis                                               ; On                    ; On                    ;
; NOT Gate Push-Back                                               ; On                    ; On                    ;
; Power-Up Don't Care                                              ; On                    ; On                    ;
; Remove Redundant Logic Cells                                     ; Off                   ; Off                   ;
; Remove Duplicate Registers                                       ; On                    ; On                    ;
; Ignore CARRY Buffers                                             ; Off                   ; Off                   ;
; Ignore CASCADE Buffers                                           ; Off                   ; Off                   ;
; Ignore GLOBAL Buffers                                            ; Off                   ; Off                   ;
; Ignore ROW GLOBAL Buffers                                        ; Off                   ; Off                   ;
; Ignore LCELL Buffers                                             ; Off                   ; Off                   ;
; Ignore SOFT Buffers                                              ; On                    ; On                    ;
; Limit AHDL Integers to 32 Bits                                   ; Off                   ; Off                   ;
; Optimization Technique                                           ; Balanced              ; Balanced              ;
; Carry Chain Length                                               ; 70                    ; 70                    ;
; Auto Carry Chains                                                ; On                    ; On                    ;
; Auto Open-Drain Pins                                             ; On                    ; On                    ;
; Perform WYSIWYG Primitive Resynthesis                            ; Off                   ; Off                   ;
; Auto Shift Register Replacement                                  ; Auto                  ; Auto                  ;
; Allow Shift Register Merging across Hierarchies                  ; Auto                  ; Auto                  ;
; Auto Clock Enable Replacement                                    ; On                    ; On                    ;
; Allow Synchronous Control Signals                                ; On                    ; On                    ;
; Force Use of Synchronous Clear Signals                           ; Off                   ; Off                   ;
; Auto Resource Sharing                                            ; Off                   ; Off                   ;
; Use LogicLock Constraints during Resource Balancing              ; On                    ; On                    ;
; Ignore translate_off and synthesis_off directives                ; Off                   ; Off                   ;
; Report Parameter Settings                                        ; On                    ; On                    ;
; Report Source Assignments                                        ; On                    ; On                    ;
; Report Connectivity Checks                                       ; On                    ; On                    ;
; Ignore Maximum Fan-Out Assignments                               ; Off                   ; Off                   ;
; Synchronization Register Chain Length                            ; 2                     ; 2                     ;
; Power Optimization During Synthesis                              ; Normal compilation    ; Normal compilation    ;
; HDL message level                                                ; Level2                ; Level2                ;
; Suppress Register Optimization Related Messages                  ; Off                   ; Off                   ;
; Number of Removed Registers Reported in Synthesis Report         ; 5000                  ; 5000                  ;
; Number of Swept Nodes Reported in Synthesis Report               ; 5000                  ; 5000                  ;
; Number of Inverted Registers Reported in Synthesis Report        ; 100                   ; 100                   ;
; Clock MUX Protection                                             ; On                    ; On                    ;
; Block Design Naming                                              ; Auto                  ; Auto                  ;
; Synthesis Effort                                                 ; Auto                  ; Auto                  ;
; Shift Register Replacement - Allow Asynchronous Clear Signal     ; On                    ; On                    ;
; Analysis & Synthesis Message Level                               ; Medium                ; Medium                ;
; Disable Register Merging Across Hierarchies                      ; Auto                  ; Auto                  ;
+------------------------------------------------------------------+-----------------------+-----------------------+


+------------------------------------------+
; Parallel Compilation                     ;
+----------------------------+-------------+
; Processors                 ; Number      ;
+----------------------------+-------------+
; Number detected on machine ; 12          ;
; Maximum allowed            ; 12          ;
;                            ;             ;
; Average used               ; 1.00        ;
; Maximum used               ; 1           ;
;                            ;             ;
; Usage by Processor         ; % Time Used ;
;     Processor 1            ; 100.0%      ;
+----------------------------+-------------+


+--------------------------------------------------------------------------------------------------------------------------------------------------------------------------------------------------------+
; Analysis & Synthesis Source Files Read                                                                                                                                                                 ;
+----------------------------------+-----------------+------------------------+----------------------------------------------------------------------------------------------------------------+---------+
; File Name with User-Entered Path ; Used in Netlist ; File Type              ; File Name with Absolute Path                                                                                   ; Library ;
+----------------------------------+-----------------+------------------------+----------------------------------------------------------------------------------------------------------------+---------+
; LAB3__VENDING_MACHINE.v          ; yes             ; User Verilog HDL File  ; C:/Users/Roman/Desktop/EVALUACION MODULO 3/LAB_3_VENDING_MACHINE/LAB3__VENDING_MACHINE/LAB3__VENDING_MACHINE.v ;         ;
+----------------------------------+-----------------+------------------------+----------------------------------------------------------------------------------------------------------------+---------+


+-----------------------------------------------------+
; Analysis & Synthesis Resource Usage Summary         ;
+---------------------------------------------+-------+
; Resource                                    ; Usage ;
+---------------------------------------------+-------+
; Total logic elements                        ; 100   ;
;     -- Combinational with no register       ; 54    ;
;     -- Register only                        ; 1     ;
;     -- Combinational with a register        ; 45    ;
;                                             ;       ;
; Logic element usage by number of LUT inputs ;       ;
;     -- 4 input functions                    ; 45    ;
;     -- 3 input functions                    ; 11    ;
;     -- 2 input functions                    ; 37    ;
;     -- 1 input functions                    ; 5     ;
;     -- 0 input functions                    ; 1     ;
;                                             ;       ;
; Logic elements by mode                      ;       ;
;     -- normal mode                          ; 72    ;
;     -- arithmetic mode                      ; 28    ;
;     -- qfbk mode                            ; 0     ;
;     -- register cascade mode                ; 0     ;
;     -- synchronous clear/load mode          ; 26    ;
;     -- asynchronous clear/load mode         ; 46    ;
;                                             ;       ;
; Total registers                             ; 46    ;
; Total logic cells in carry chains           ; 30    ;
; I/O pins                                    ; 31    ;
; Maximum fan-out node                        ; clk   ;
; Maximum fan-out                             ; 46    ;
; Total fan-out                               ; 492   ;
; Average fan-out                             ; 3.76  ;
+---------------------------------------------+-------+


+------------------------------------------------------------------------------------------------------------------------------------------------------------------------------------------------------------------------------------------------------------------------------------------------+
; Analysis & Synthesis Resource Utilization by Entity                                                                                                                                                                                                                                            ;
+------------------------------+-------------+--------------+------------+------+--------------+--------------+-------------------+------------------+-----------------+------------+---------------------------------------------------------------------+-----------------------+--------------+
; Compilation Hierarchy Node   ; Logic Cells ; LC Registers ; UFM Blocks ; Pins ; Virtual Pins ; LUT-Only LCs ; Register-Only LCs ; LUT/Register LCs ; Carry Chain LCs ; Packed LCs ; Full Hierarchy Name                                                 ; Entity Name           ; Library Name ;
+------------------------------+-------------+--------------+------------+------+--------------+--------------+-------------------+------------------+-----------------+------------+---------------------------------------------------------------------+-----------------------+--------------+
; |LAB3__VENDING_MACHINE       ; 100 (5)     ; 46           ; 0          ; 31   ; 0            ; 54 (1)       ; 1 (0)             ; 45 (4)           ; 30 (0)          ; 0 (0)      ; |LAB3__VENDING_MACHINE                                              ; LAB3__VENDING_MACHINE ; work         ;
;    |vending_machine:vm_inst| ; 95 (81)     ; 42           ; 0          ; 0    ; 0            ; 53 (39)      ; 1 (1)             ; 41 (41)          ; 30 (30)         ; 0 (0)      ; |LAB3__VENDING_MACHINE|vending_machine:vm_inst                      ; vending_machine       ; work         ;
;       |bcd_to_7seg:u_change| ; 7 (7)       ; 0            ; 0          ; 0    ; 0            ; 7 (7)        ; 0 (0)             ; 0 (0)            ; 0 (0)           ; 0 (0)      ; |LAB3__VENDING_MACHINE|vending_machine:vm_inst|bcd_to_7seg:u_change ; bcd_to_7seg           ; work         ;
;       |bcd_to_7seg:u_credit| ; 7 (7)       ; 0            ; 0          ; 0    ; 0            ; 7 (7)        ; 0 (0)             ; 0 (0)            ; 0 (0)           ; 0 (0)      ; |LAB3__VENDING_MACHINE|vending_machine:vm_inst|bcd_to_7seg:u_credit ; bcd_to_7seg           ; work         ;
+------------------------------+-------------+--------------+------------+------+--------------+--------------+-------------------+------------------+-----------------+------------+---------------------------------------------------------------------+-----------------------+--------------+
Note: For table entries with two numbers listed, the numbers in parentheses indicate the number of resources of the given type used by the specific entity alone. The numbers listed outside of parentheses indicate the total resources of the given type used by the specific entity and all of its sub-entities in the hierarchy.


Encoding Type:  One-Hot
+----------------------------------------------------------------------+
; State Machine - |LAB3__VENDING_MACHINE|vending_machine:vm_inst|state ;
+-------------+------------+------------+-------------+----------------+
; Name        ; state.PICK ; state.DISP ; state.COINS ; state.IDLE     ;
+-------------+------------+------------+-------------+----------------+
; state.IDLE  ; 0          ; 0          ; 0           ; 0              ;
; state.COINS ; 0          ; 0          ; 1           ; 1              ;
; state.DISP  ; 0          ; 1          ; 0           ; 1              ;
; state.PICK  ; 1          ; 0          ; 0           ; 1              ;
+-------------+------------+------------+-------------+----------------+


+------------------------------------------------------------+
; Registers Removed During Synthesis                         ;
+---------------------------------------+--------------------+
; Register name                         ; Reason for Removal ;
+---------------------------------------+--------------------+
; vending_machine:vm_inst|state~4       ; Lost fanout        ;
; vending_machine:vm_inst|state~5       ; Lost fanout        ;
; Total Number of Removed Registers = 2 ;                    ;
+---------------------------------------+--------------------+


+------------------------------------------------------+
; General Register Statistics                          ;
+----------------------------------------------+-------+
; Statistic                                    ; Value ;
+----------------------------------------------+-------+
; Total registers                              ; 46    ;
; Number of registers using Synchronous Clear  ; 0     ;
; Number of registers using Synchronous Load   ; 26    ;
; Number of registers using Asynchronous Clear ; 46    ;
; Number of registers using Asynchronous Load  ; 0     ;
; Number of registers using Clock Enable       ; 33    ;
; Number of registers using Preset             ; 0     ;
+----------------------------------------------+-------+


+--------------------------------------------------+
; Inverted Register Statistics                     ;
+----------------------------------------+---------+
; Inverted Register                      ; Fan out ;
+----------------------------------------+---------+
; btn_reg[3]                             ; 4       ;
; btn_reg[0]                             ; 3       ;
; btn_reg[1]                             ; 2       ;
; btn_reg[2]                             ; 8       ;
; Total number of inverted registers = 4 ;         ;
+----------------------------------------+---------+


+--------------------------------------------------------------------------------------------------------------------------------------------------------------------------+
; Multiplexer Restructuring Statistics (Restructuring Performed)                                                                                                           ;
+--------------------+-----------+---------------+----------------------+------------------------+------------+------------------------------------------------------------+
; Multiplexer Inputs ; Bus Width ; Baseline Area ; Area if Restructured ; Saving if Restructured ; Registered ; Example Multiplexer Output                                 ;
+--------------------+-----------+---------------+----------------------+------------------------+------------+------------------------------------------------------------+
; 6:1                ; 26 bits   ; 104 LEs       ; 52 LEs               ; 52 LEs                 ; Yes        ; |LAB3__VENDING_MACHINE|vending_machine:vm_inst|m_count[14] ;
; 7:1                ; 4 bits    ; 16 LEs        ; 4 LEs                ; 12 LEs                 ; Yes        ; |LAB3__VENDING_MACHINE|vending_machine:vm_inst|credit[2]   ;
; 8:1                ; 4 bits    ; 20 LEs        ; 8 LEs                ; 12 LEs                 ; Yes        ; |LAB3__VENDING_MACHINE|vending_machine:vm_inst|change[3]   ;
+--------------------+-----------+---------------+----------------------+------------------------+------------+------------------------------------------------------------+


+-------------------------------+
; Analysis & Synthesis Messages ;
+-------------------------------+
Info: *******************************************************************
Info: Running Quartus Prime Analysis & Synthesis
    Info: Version 18.1.0 Build 625 09/12/2018 SJ Lite Edition
    Info: Processing started: Sun Aug 17 19:23:41 2025
Info: Command: quartus_map --read_settings_files=on --write_settings_files=off LAB3__VENDING_MACHINE -c LAB3__VENDING_MACHINE
Warning (18236): Number of processors has not been specified which may cause overloading on shared machines.  Set the global assignment NUM_PARALLEL_PROCESSORS in your QSF to an appropriate value for best performance.
Info (20030): Parallel compilation is enabled and will use 12 of the 12 processors detected
Info (12021): Found 3 design units, including 3 entities, in source file lab3__vending_machine.v
    Info (12023): Found entity 1: LAB3__VENDING_MACHINE File: C:/Users/Roman/Desktop/EVALUACION MODULO 3/LAB_3_VENDING_MACHINE/LAB3__VENDING_MACHINE/LAB3__VENDING_MACHINE.v Line: 6
    Info (12023): Found entity 2: vending_machine File: C:/Users/Roman/Desktop/EVALUACION MODULO 3/LAB_3_VENDING_MACHINE/LAB3__VENDING_MACHINE/LAB3__VENDING_MACHINE.v Line: 67
    Info (12023): Found entity 3: bcd_to_7seg File: C:/Users/Roman/Desktop/EVALUACION MODULO 3/LAB_3_VENDING_MACHINE/LAB3__VENDING_MACHINE/LAB3__VENDING_MACHINE.v Line: 240
Info (12021): Found 1 design units, including 1 entities, in source file tb_vending_machine.v
    Info (12023): Found entity 1: tb_vending_machine File: C:/Users/Roman/Desktop/EVALUACION MODULO 3/LAB_3_VENDING_MACHINE/LAB3__VENDING_MACHINE/tb_vending_machine.v Line: 5
Info (12127): Elaborating entity "LAB3__VENDING_MACHINE" for the top level hierarchy
Info (12128): Elaborating entity "vending_machine" for hierarchy "vending_machine:vm_inst" File: C:/Users/Roman/Desktop/EVALUACION MODULO 3/LAB_3_VENDING_MACHINE/LAB3__VENDING_MACHINE/LAB3__VENDING_MACHINE.v Line: 53
Info (12128): Elaborating entity "bcd_to_7seg" for hierarchy "vending_machine:vm_inst|bcd_to_7seg:u_credit" File: C:/Users/Roman/Desktop/EVALUACION MODULO 3/LAB_3_VENDING_MACHINE/LAB3__VENDING_MACHINE/LAB3__VENDING_MACHINE.v Line: 229
Info (18000): Registers with preset signals will power-up high File: C:/Users/Roman/Desktop/EVALUACION MODULO 3/LAB_3_VENDING_MACHINE/LAB3__VENDING_MACHINE/LAB3__VENDING_MACHINE.v Line: 25
Info (17049): 2 registers lost all their fanouts during netlist optimizations.
Info (21057): Implemented 131 device resources after synthesis - the final resource count might be different
    Info (21058): Implemented 9 input pins
    Info (21059): Implemented 22 output pins
    Info (21061): Implemented 100 logic cells
Info: Quartus Prime Analysis & Synthesis was successful. 0 errors, 1 warning
    Info: Peak virtual memory: 4706 megabytes
    Info: Processing ended: Sun Aug 17 19:23:49 2025
    Info: Elapsed time: 00:00:08
    Info: Total CPU time (on all processors): 00:00:18


