Analysis & Synthesis report for vending_machine_quartus
Mon Nov 10 22:14:10 2025
Quartus Prime Version 18.1.0 Build 625 09/12/2018 SJ Lite Edition


---------------------
; Table of Contents ;
---------------------
  1. Legal Notice
  2. Analysis & Synthesis Summary
  3. Analysis & Synthesis Settings
  4. Parallel Compilation
  5. Analysis & Synthesis Source Files Read
  6. Analysis & Synthesis Resource Usage Summary
  7. Analysis & Synthesis Resource Utilization by Entity
  8. State Machine - |top_vending_machine|fsm:vm_inst|state
  9. Registers Removed During Synthesis
 10. General Register Statistics
 11. Inverted Register Statistics
 12. Multiplexer Restructuring Statistics (Restructuring Performed)
 13. Post-Synthesis Netlist Statistics for Top Partition
 14. Elapsed Time Per Partition
 15. Analysis & Synthesis Messages



----------------
; Legal Notice ;
----------------
Copyright (C) 2018  Intel Corporation. All rights reserved.
Your use of Intel Corporation's design tools, logic functions 
and other software and tools, and its AMPP partner logic 
functions, and any output files from any of the foregoing 
(including device programming or simulation files), and any 
associated documentation or information are expressly subject 
to the terms and conditions of the Intel Program License 
Subscription Agreement, the Intel Quartus Prime License Agreement,
the Intel FPGA IP License Agreement, or other applicable license
agreement, including, without limitation, that your use is for
the sole purpose of programming logic devices manufactured by
Intel and sold by Intel or its authorized distributors.  Please
refer to the applicable agreement for further details.



+-------------------------------------------------------------------------------+
; Analysis & Synthesis Summary                                                  ;
+---------------------------------+---------------------------------------------+
; Analysis & Synthesis Status     ; Successful - Mon Nov 10 22:14:10 2025       ;
; Quartus Prime Version           ; 18.1.0 Build 625 09/12/2018 SJ Lite Edition ;
; Revision Name                   ; vending_machine_quartus                     ;
; Top-level Entity Name           ; top_vending_machine                         ;
; Family                          ; Cyclone V                                   ;
; Logic utilization (in ALMs)     ; N/A                                         ;
; Total registers                 ; 46                                          ;
; Total pins                      ; 31                                          ;
; Total virtual pins              ; 0                                           ;
; Total block memory bits         ; 0                                           ;
; Total DSP Blocks                ; 0                                           ;
; Total HSSI RX PCSs              ; 0                                           ;
; Total HSSI PMA RX Deserializers ; 0                                           ;
; Total HSSI TX PCSs              ; 0                                           ;
; Total HSSI PMA TX Serializers   ; 0                                           ;
; Total PLLs                      ; 0                                           ;
; Total DLLs                      ; 0                                           ;
+---------------------------------+---------------------------------------------+


+---------------------------------------------------------------------------------------------------------------------------------+
; Analysis & Synthesis Settings                                                                                                   ;
+---------------------------------------------------------------------------------+---------------------+-------------------------+
; Option                                                                          ; Setting             ; Default Value           ;
+---------------------------------------------------------------------------------+---------------------+-------------------------+
; Device                                                                          ; 5CGXFC7C7F23C8      ;                         ;
; Top-level entity name                                                           ; top_vending_machine ; vending_machine_quartus ;
; Family name                                                                     ; Cyclone V           ; Cyclone V               ;
; Use smart compilation                                                           ; Off                 ; Off                     ;
; Enable parallel Assembler and Timing Analyzer during compilation                ; On                  ; On                      ;
; Enable compact report table                                                     ; Off                 ; Off                     ;
; Restructure Multiplexers                                                        ; Auto                ; Auto                    ;
; MLAB Add Timing Constraints For Mixed-Port Feed-Through Mode Setting Don't Care ; Off                 ; Off                     ;
; Create Debugging Nodes for IP Cores                                             ; Off                 ; Off                     ;
; Preserve fewer node names                                                       ; On                  ; On                      ;
; Intel FPGA IP Evaluation Mode                                                   ; Enable              ; Enable                  ;
; Verilog Version                                                                 ; Verilog_2001        ; Verilog_2001            ;
; VHDL Version                                                                    ; VHDL_1993           ; VHDL_1993               ;
; State Machine Processing                                                        ; Auto                ; Auto                    ;
; Safe State Machine                                                              ; Off                 ; Off                     ;
; Extract Verilog State Machines                                                  ; On                  ; On                      ;
; Extract VHDL State Machines                                                     ; On                  ; On                      ;
; Ignore Verilog initial constructs                                               ; Off                 ; Off                     ;
; Iteration limit for constant Verilog loops                                      ; 5000                ; 5000                    ;
; Iteration limit for non-constant Verilog loops                                  ; 250                 ; 250                     ;
; Add Pass-Through Logic to Inferred RAMs                                         ; On                  ; On                      ;
; Infer RAMs from Raw Logic                                                       ; On                  ; On                      ;
; Parallel Synthesis                                                              ; On                  ; On                      ;
; DSP Block Balancing                                                             ; Auto                ; Auto                    ;
; NOT Gate Push-Back                                                              ; On                  ; On                      ;
; Power-Up Don't Care                                                             ; On                  ; On                      ;
; Remove Redundant Logic Cells                                                    ; Off                 ; Off                     ;
; Remove Duplicate Registers                                                      ; On                  ; On                      ;
; Ignore CARRY Buffers                                                            ; Off                 ; Off                     ;
; Ignore CASCADE Buffers                                                          ; Off                 ; Off                     ;
; Ignore GLOBAL Buffers                                                           ; Off                 ; Off                     ;
; Ignore ROW GLOBAL Buffers                                                       ; Off                 ; Off                     ;
; Ignore LCELL Buffers                                                            ; Off                 ; Off                     ;
; Ignore SOFT Buffers                                                             ; On                  ; On                      ;
; Limit AHDL Integers to 32 Bits                                                  ; Off                 ; Off                     ;
; Optimization Technique                                                          ; Balanced            ; Balanced                ;
; Carry Chain Length                                                              ; 70                  ; 70                      ;
; Auto Carry Chains                                                               ; On                  ; On                      ;
; Auto Open-Drain Pins                                                            ; On                  ; On                      ;
; Perform WYSIWYG Primitive Resynthesis                                           ; Off                 ; Off                     ;
; Auto ROM Replacement                                                            ; On                  ; On                      ;
; Auto RAM Replacement                                                            ; On                  ; On                      ;
; Auto DSP Block Replacement                                                      ; On                  ; On                      ;
; Auto Shift Register Replacement                                                 ; Auto                ; Auto                    ;
; Allow Shift Register Merging across Hierarchies                                 ; Auto                ; Auto                    ;
; Auto Clock Enable Replacement                                                   ; On                  ; On                      ;
; Strict RAM Replacement                                                          ; Off                 ; Off                     ;
; Allow Synchronous Control Signals                                               ; On                  ; On                      ;
; Force Use of Synchronous Clear Signals                                          ; Off                 ; Off                     ;
; Auto Resource Sharing                                                           ; Off                 ; Off                     ;
; Allow Any RAM Size For Recognition                                              ; Off                 ; Off                     ;
; Allow Any ROM Size For Recognition                                              ; Off                 ; Off                     ;
; Allow Any Shift Register Size For Recognition                                   ; Off                 ; Off                     ;
; Use LogicLock Constraints during Resource Balancing                             ; On                  ; On                      ;
; Ignore translate_off and synthesis_off directives                               ; Off                 ; Off                     ;
; Timing-Driven Synthesis                                                         ; On                  ; On                      ;
; Report Parameter Settings                                                       ; On                  ; On                      ;
; Report Source Assignments                                                       ; On                  ; On                      ;
; Report Connectivity Checks                                                      ; On                  ; On                      ;
; Ignore Maximum Fan-Out Assignments                                              ; Off                 ; Off                     ;
; Synchronization Register Chain Length                                           ; 3                   ; 3                       ;
; Power Optimization During Synthesis                                             ; Normal compilation  ; Normal compilation      ;
; HDL message level                                                               ; Level2              ; Level2                  ;
; Suppress Register Optimization Related Messages                                 ; Off                 ; Off                     ;
; Number of Removed Registers Reported in Synthesis Report                        ; 5000                ; 5000                    ;
; Number of Swept Nodes Reported in Synthesis Report                              ; 5000                ; 5000                    ;
; Number of Inverted Registers Reported in Synthesis Report                       ; 100                 ; 100                     ;
; Clock MUX Protection                                                            ; On                  ; On                      ;
; Auto Gated Clock Conversion                                                     ; Off                 ; Off                     ;
; Block Design Naming                                                             ; Auto                ; Auto                    ;
; SDC constraint protection                                                       ; Off                 ; Off                     ;
; Synthesis Effort                                                                ; Auto                ; Auto                    ;
; Shift Register Replacement - Allow Asynchronous Clear Signal                    ; On                  ; On                      ;
; Pre-Mapping Resynthesis Optimization                                            ; Off                 ; Off                     ;
; Analysis & Synthesis Message Level                                              ; Medium              ; Medium                  ;
; Disable Register Merging Across Hierarchies                                     ; Auto                ; Auto                    ;
; Resource Aware Inference For Block RAM                                          ; On                  ; On                      ;
; Automatic Parallel Synthesis                                                    ; On                  ; On                      ;
; Partial Reconfiguration Bitstream ID                                            ; Off                 ; Off                     ;
+---------------------------------------------------------------------------------+---------------------+-------------------------+


+------------------------------------------+
; Parallel Compilation                     ;
+----------------------------+-------------+
; Processors                 ; Number      ;
+----------------------------+-------------+
; Number detected on machine ; 12          ;
; Maximum allowed            ; 12          ;
;                            ;             ;
; Average used               ; 1.00        ;
; Maximum used               ; 12          ;
;                            ;             ;
; Usage by Processor         ; % Time Used ;
;     Processor 1            ; 100.0%      ;
;     Processors 2-12        ;   0.0%      ;
+----------------------------+-------------+


+---------------------------------------------------------------------------------------------------------------------------------------------------------------------------------------------------------------+
; Analysis & Synthesis Source Files Read                                                                                                                                                                        ;
+----------------------------------+-----------------+------------------------+-----------------------------------------------------------------------------------------------------------------------+---------+
; File Name with User-Entered Path ; Used in Netlist ; File Type              ; File Name with Absolute Path                                                                                          ; Library ;
+----------------------------------+-----------------+------------------------+-----------------------------------------------------------------------------------------------------------------------+---------+
; top_vending_machine.v            ; yes             ; User Verilog HDL File  ; C:/DOCUMENTOS/2.-Escuela/5. TEC/FPGA/GITHUB/Verilog_fsm_vending_machine/vending_machine_quartus/top_vending_machine.v ;         ;
; fsm.v                            ; yes             ; User Verilog HDL File  ; C:/DOCUMENTOS/2.-Escuela/5. TEC/FPGA/GITHUB/Verilog_fsm_vending_machine/vending_machine_quartus/fsm.v                 ;         ;
; bcd_to_7seg.v                    ; yes             ; User Verilog HDL File  ; C:/DOCUMENTOS/2.-Escuela/5. TEC/FPGA/GITHUB/Verilog_fsm_vending_machine/vending_machine_quartus/bcd_to_7seg.v         ;         ;
+----------------------------------+-----------------+------------------------+-----------------------------------------------------------------------------------------------------------------------+---------+


+---------------------------------------------------------+
; Analysis & Synthesis Resource Usage Summary             ;
+---------------------------------------------+-----------+
; Resource                                    ; Usage     ;
+---------------------------------------------+-----------+
; Estimate of Logic utilization (ALMs needed) ; 59        ;
;                                             ;           ;
; Combinational ALUT usage for logic          ; 105       ;
;     -- 7 input functions                    ; 1         ;
;     -- 6 input functions                    ; 10        ;
;     -- 5 input functions                    ; 5         ;
;     -- 4 input functions                    ; 19        ;
;     -- <=3 input functions                  ; 70        ;
;                                             ;           ;
; Dedicated logic registers                   ; 46        ;
;                                             ;           ;
; I/O pins                                    ; 31        ;
;                                             ;           ;
; Total DSP Blocks                            ; 0         ;
;                                             ;           ;
; Maximum fan-out node                        ; clk~input ;
; Maximum fan-out                             ; 46        ;
; Total fan-out                               ; 575       ;
; Average fan-out                             ; 2.70      ;
+---------------------------------------------+-----------+


+------------------------------------------------------------------------------------------------------------------------------------------------------------------------------------------------------------------------------------+
; Analysis & Synthesis Resource Utilization by Entity                                                                                                                                                                                ;
+------------------------------+---------------------+---------------------------+-------------------+------------+------+--------------+-------------------------------------------------------+---------------------+--------------+
; Compilation Hierarchy Node   ; Combinational ALUTs ; Dedicated Logic Registers ; Block Memory Bits ; DSP Blocks ; Pins ; Virtual Pins ; Full Hierarchy Name                                   ; Entity Name         ; Library Name ;
+------------------------------+---------------------+---------------------------+-------------------+------------+------+--------------+-------------------------------------------------------+---------------------+--------------+
; |top_vending_machine         ; 105 (4)             ; 46 (4)                    ; 0                 ; 0          ; 31   ; 0            ; |top_vending_machine                                  ; top_vending_machine ; work         ;
;    |fsm:vm_inst|             ; 101 (87)            ; 42 (42)                   ; 0                 ; 0          ; 0    ; 0            ; |top_vending_machine|fsm:vm_inst                      ; fsm                 ; work         ;
;       |bcd_to_7seg:u_change| ; 7 (7)               ; 0 (0)                     ; 0                 ; 0          ; 0    ; 0            ; |top_vending_machine|fsm:vm_inst|bcd_to_7seg:u_change ; bcd_to_7seg         ; work         ;
;       |bcd_to_7seg:u_credit| ; 7 (7)               ; 0 (0)                     ; 0                 ; 0          ; 0    ; 0            ; |top_vending_machine|fsm:vm_inst|bcd_to_7seg:u_credit ; bcd_to_7seg         ; work         ;
+------------------------------+---------------------+---------------------------+-------------------+------------+------+--------------+-------------------------------------------------------+---------------------+--------------+
Note: For table entries with two numbers listed, the numbers in parentheses indicate the number of resources of the given type used by the specific entity alone. The numbers listed outside of parentheses indicate the total resources of the given type used by the specific entity and all of its sub-entities in the hierarchy.


Encoding Type:  One-Hot
+------------------------------------------------------------------+
; State Machine - |top_vending_machine|fsm:vm_inst|state           ;
+-------------+------------+------------+-------------+------------+
; Name        ; state.PICK ; state.DISP ; state.COINS ; state.IDLE ;
+-------------+------------+------------+-------------+------------+
; state.IDLE  ; 0          ; 0          ; 0           ; 0          ;
; state.COINS ; 0          ; 0          ; 1           ; 1          ;
; state.DISP  ; 0          ; 1          ; 0           ; 1          ;
; state.PICK  ; 1          ; 0          ; 0           ; 1          ;
+-------------+------------+------------+-------------+------------+


+------------------------------------------------------------+
; Registers Removed During Synthesis                         ;
+---------------------------------------+--------------------+
; Register name                         ; Reason for Removal ;
+---------------------------------------+--------------------+
; fsm:vm_inst|state~4                   ; Lost fanout        ;
; fsm:vm_inst|state~5                   ; Lost fanout        ;
; Total Number of Removed Registers = 2 ;                    ;
+---------------------------------------+--------------------+


+------------------------------------------------------+
; General Register Statistics                          ;
+----------------------------------------------+-------+
; Statistic                                    ; Value ;
+----------------------------------------------+-------+
; Total registers                              ; 46    ;
; Number of registers using Synchronous Clear  ; 30    ;
; Number of registers using Synchronous Load   ; 4     ;
; Number of registers using Asynchronous Clear ; 46    ;
; Number of registers using Asynchronous Load  ; 0     ;
; Number of registers using Clock Enable       ; 33    ;
; Number of registers using Preset             ; 0     ;
+----------------------------------------------+-------+


+--------------------------------------------------+
; Inverted Register Statistics                     ;
+----------------------------------------+---------+
; Inverted Register                      ; Fan out ;
+----------------------------------------+---------+
; btn_reg[3]                             ; 4       ;
; btn_reg[0]                             ; 3       ;
; btn_reg[1]                             ; 3       ;
; btn_reg[2]                             ; 7       ;
; Total number of inverted registers = 4 ;         ;
+----------------------------------------+---------+


+------------------------------------------------------------------------------------------------------------------------------------------------------------+
; Multiplexer Restructuring Statistics (Restructuring Performed)                                                                                             ;
+--------------------+-----------+---------------+----------------------+------------------------+------------+----------------------------------------------+
; Multiplexer Inputs ; Bus Width ; Baseline Area ; Area if Restructured ; Saving if Restructured ; Registered ; Example Multiplexer Output                   ;
+--------------------+-----------+---------------+----------------------+------------------------+------------+----------------------------------------------+
; 6:1                ; 26 bits   ; 104 LEs       ; 26 LEs               ; 78 LEs                 ; Yes        ; |top_vending_machine|fsm:vm_inst|m_count[15] ;
; 7:1                ; 4 bits    ; 16 LEs        ; 8 LEs                ; 8 LEs                  ; Yes        ; |top_vending_machine|fsm:vm_inst|credit[0]   ;
; 8:1                ; 4 bits    ; 20 LEs        ; 8 LEs                ; 12 LEs                 ; Yes        ; |top_vending_machine|fsm:vm_inst|change[0]   ;
+--------------------+-----------+---------------+----------------------+------------------------+------------+----------------------------------------------+


+-----------------------------------------------------+
; Post-Synthesis Netlist Statistics for Top Partition ;
+-----------------------+-----------------------------+
; Type                  ; Count                       ;
+-----------------------+-----------------------------+
; arriav_ff             ; 46                          ;
;     CLR               ; 13                          ;
;     ENA CLR           ; 3                           ;
;     ENA CLR SCLR      ; 26                          ;
;     ENA CLR SCLR SLD  ; 4                           ;
; arriav_lcell_comb     ; 109                         ;
;     arith             ; 26                          ;
;         1 data inputs ; 26                          ;
;     extend            ; 1                           ;
;         7 data inputs ; 1                           ;
;     normal            ; 78                          ;
;         1 data inputs ; 8                           ;
;         2 data inputs ; 31                          ;
;         3 data inputs ; 5                           ;
;         4 data inputs ; 19                          ;
;         5 data inputs ; 5                           ;
;         6 data inputs ; 10                          ;
;     shared            ; 4                           ;
;         2 data inputs ; 2                           ;
;         3 data inputs ; 2                           ;
; boundary_port         ; 31                          ;
;                       ;                             ;
; Max LUT depth         ; 4.50                        ;
; Average LUT depth     ; 2.75                        ;
+-----------------------+-----------------------------+


+-------------------------------+
; Elapsed Time Per Partition    ;
+----------------+--------------+
; Partition Name ; Elapsed Time ;
+----------------+--------------+
; Top            ; 00:00:00     ;
+----------------+--------------+


+-------------------------------+
; Analysis & Synthesis Messages ;
+-------------------------------+
Info: *******************************************************************
Info: Running Quartus Prime Analysis & Synthesis
    Info: Version 18.1.0 Build 625 09/12/2018 SJ Lite Edition
    Info: Processing started: Mon Nov 10 22:14:00 2025
Info: Command: quartus_map --read_settings_files=on --write_settings_files=off vending_machine_quartus -c vending_machine_quartus
Warning (18236): Number of processors has not been specified which may cause overloading on shared machines.  Set the global assignment NUM_PARALLEL_PROCESSORS in your QSF to an appropriate value for best performance.
Info (20030): Parallel compilation is enabled and will use 12 of the 12 processors detected
Info (12021): Found 1 design units, including 1 entities, in source file top_vending_machine.v
    Info (12023): Found entity 1: top_vending_machine File: C:/DOCUMENTOS/2.-Escuela/5. TEC/FPGA/GITHUB/Verilog_fsm_vending_machine/vending_machine_quartus/top_vending_machine.v Line: 6
Info (12021): Found 1 design units, including 1 entities, in source file tb_vending_machine.sv
    Info (12023): Found entity 1: tb_vending_machine File: C:/DOCUMENTOS/2.-Escuela/5. TEC/FPGA/GITHUB/Verilog_fsm_vending_machine/vending_machine_quartus/tb_vending_machine.sv Line: 5
Info (12021): Found 1 design units, including 1 entities, in source file fsm.v
    Info (12023): Found entity 1: fsm File: C:/DOCUMENTOS/2.-Escuela/5. TEC/FPGA/GITHUB/Verilog_fsm_vending_machine/vending_machine_quartus/fsm.v Line: 6
Info (12021): Found 1 design units, including 1 entities, in source file bcd_to_7seg.v
    Info (12023): Found entity 1: bcd_to_7seg File: C:/DOCUMENTOS/2.-Escuela/5. TEC/FPGA/GITHUB/Verilog_fsm_vending_machine/vending_machine_quartus/bcd_to_7seg.v Line: 6
Info (12127): Elaborating entity "top_vending_machine" for the top level hierarchy
Info (12128): Elaborating entity "fsm" for hierarchy "fsm:vm_inst" File: C:/DOCUMENTOS/2.-Escuela/5. TEC/FPGA/GITHUB/Verilog_fsm_vending_machine/vending_machine_quartus/top_vending_machine.v Line: 53
Info (12128): Elaborating entity "bcd_to_7seg" for hierarchy "fsm:vm_inst|bcd_to_7seg:u_credit" File: C:/DOCUMENTOS/2.-Escuela/5. TEC/FPGA/GITHUB/Verilog_fsm_vending_machine/vending_machine_quartus/fsm.v Line: 168
Info (286030): Timing-Driven Synthesis is running
Info (17049): 2 registers lost all their fanouts during netlist optimizations.
Info (16010): Generating hard_block partition "hard_block:auto_generated_inst"
    Info (16011): Adding 0 node(s), including 0 DDIO, 0 PLL, 0 transceiver and 0 LCELL
Info (21057): Implemented 137 device resources after synthesis - the final resource count might be different
    Info (21058): Implemented 9 input pins
    Info (21059): Implemented 22 output pins
    Info (21061): Implemented 106 logic cells
Info: Quartus Prime Analysis & Synthesis was successful. 0 errors, 1 warning
    Info: Peak virtual memory: 4888 megabytes
    Info: Processing ended: Mon Nov 10 22:14:10 2025
    Info: Elapsed time: 00:00:10
    Info: Total CPU time (on all processors): 00:00:19


